-------------------------------------------------------------------------------
Test set: math.MathUtilsTest
-------------------------------------------------------------------------------
Tests run: 2, Failures: 1, Errors: 0, Skipped: 0, Time elapsed: 0.014 s <<< FAILURE! - in math.MathUtilsTest
add  Time elapsed: 0.006 s  <<< FAILURE!
org.opentest4j.AssertionFailedError: Should add two numbers. ==> expected: <1> but was: <2>
	at math.MathUtilsTest.add(MathUtilsTest.java:15)

