<?xml version="1.0" encoding="UTF-8"?>
<testsuite xmlns:xsi="http://www.w3.org/2001/XMLSchema-instance" xsi:noNamespaceSchemaLocation="https://maven.apache.org/surefire/maven-surefire-plugin/xsd/surefire-test-report.xsd" name="math.MathUtilsTest" time="0.014" tests="2" errors="0" skipped="0" failures="1">
  <properties>
[...]
</properties>
  <testcase name="computeCircleArea" classname="math.MathUtilsTest" time="0.005"/>
  <testcase name="add" classname="math.MathUtilsTest" time="0.006">
    <failure message="Should add two numbers. ==&gt; expected: &lt;1&gt; but was: &lt;2&gt;" type="org.opentest4j.AssertionFailedError"><![CDATA[org.opentest4j.AssertionFailedError: Should add two numbers. ==> expected: <1> but was: <2>
	at math.MathUtilsTest.add(MathUtilsTest.java:15)
]]></failure>
  </testcase>
</testsuite>